<?xml version="1.0" encoding="UTF-8"?>
<!-- Generated by org.testng.reporters.JUnitReportReporter -->
<testsuite skipped="0" hostname="HarishGarg" name="others.ajax_call" tests="1" failures="0" timestamp="24 Aug 2019 07:07:18 GMT" time="24.316" errors="0">
  <testcase name="test_AjaxExample" time="24.316" classname="others.ajax_call"/>
</testsuite> <!-- others.ajax_call -->
