<?xml version="1.0" encoding="UTF-8"?>
<!-- Generated by org.testng.reporters.JUnitReportReporter -->
<testsuite skipped="0" hostname="HarishGarg" name="others.tool_tip_text" tests="1" failures="0" timestamp="24 Aug 2019 11:35:23 GMT" time="10.242" errors="0">
  <testcase name="tooltip" time="10.242" classname="others.tool_tip_text"/>
</testsuite> <!-- others.tool_tip_text -->
